INFO - 2020-11-20 10:15:58,951 - adultscraperx - title:SSNI-884
INFO - 2020-11-20 10:24:51,145 - adultscraperx - title:Ssni 884
INFO - 2020-11-20 10:26:44,748 - adultscraperx - title:Ssni 884
INFO - 2020-11-20 10:33:25,584 - adultscraperx - title:Ssni 884
INFO - 2020-11-20 10:37:19,259 - adultscraperx - title:Ssni 884
INFO - 2020-11-20 10:41:17,948 - adultscraperx - title:Ssni 787
INFO - 2020-11-20 10:52:55,345 - adultscraperx - title:Ssni 787
INFO - 2020-11-20 10:57:06,580 - adultscraperx - title:Ssni 787
INFO - 2020-11-20 10:57:11,385 - adultscraperx - title:Ssni 787
INFO - 2020-11-20 10:57:17,491 - adultscraperx - title:Ssni 787
INFO - 2020-11-20 10:57:23,715 - adultscraperx - title:Ssni 787
INFO - 2020-11-20 10:57:27,367 - adultscraperx - title:Ssni 787
INFO - 2020-11-20 11:20:01,444 - adultscraperx - title:Ssni 787
INFO - 2020-11-20 11:23:20,621 - adultscraperx - title:Ssni 787
INFO - 2020-11-20 11:29:00,626 - adultscraperx - title:Ssni 787
INFO - 2020-11-20 11:39:52,110 - adultscraperx - title:Ssni 787
INFO - 2020-11-20 11:41:11,522 - adultscraperx - title:Ssni 912
INFO - 2020-11-20 11:52:22,194 - adultscraperx - title:Ssni 912
INFO - 2020-11-20 11:57:38,826 - adultscraperx - title:Ssni 912
INFO - 2020-11-20 11:57:42,601 - adultscraperx - title:Ssni 912
INFO - 2020-11-20 11:57:45,423 - adultscraperx - title:Ssni 912
INFO - 2020-11-20 12:51:50,529 - adultscraperx - title:Ssni 912
INFO - 2020-11-20 12:51:57,089 - adultscraperx - title:Ssni 912
INFO - 2020-11-20 13:01:41,130 - adultscraperx - title:Ssni 787
INFO - 2020-11-20 13:01:48,705 - adultscraperx - title:Ssni 787
INFO - 2020-11-20 13:04:15,533 - adultscraperx - title:Ssni 787
INFO - 2020-11-20 13:08:03,609 - adultscraperx - title:Ssni 787
INFO - 2020-11-20 13:08:06,823 - adultscraperx - title:Ssni 787
INFO - 2020-11-20 13:08:24,466 - adultscraperx - title:Ssni 787
INFO - 2020-11-20 13:13:49,970 - adultscraperx - title:Ssni 914
INFO - 2020-11-20 13:34:00,741 - adultscraperx - title:Ssni 912
INFO - 2020-11-20 13:39:30,543 - adultscraperx - title:Ssni 912
INFO - 2020-11-20 13:41:31,761 - adultscraperx - title:Ssni 912
INFO - 2020-11-20 13:58:30,610 - adultscraperx - title:Ssni 912
INFO - 2020-11-20 14:01:33,326 - adultscraperx - title:Apns 210
INFO - 2020-11-20 14:01:52,988 - adultscraperx - title:Bban 298
INFO - 2020-11-20 14:02:11,859 - adultscraperx - title:Bban 301
INFO - 2020-11-20 14:02:27,741 - adultscraperx - title:Chn 186
INFO - 2020-11-20 14:02:46,343 - adultscraperx - title:Ebod 769
INFO - 2020-11-20 14:03:03,774 - adultscraperx - title:Ebod 773
INFO - 2020-11-20 14:03:22,887 - adultscraperx - title:Hthd 181
INFO - 2020-11-20 14:03:42,447 - adultscraperx - title:Jul 362
INFO - 2020-11-20 14:04:04,033 - adultscraperx - title:Pred 118
INFO - 2020-11-20 14:04:22,927 - adultscraperx - title:Pred 153
INFO - 2020-11-20 14:04:41,583 - adultscraperx - title:Pred 193
INFO - 2020-11-20 14:05:02,244 - adultscraperx - title:Pred 213
INFO - 2020-11-20 14:05:24,949 - adultscraperx - title:Pred 233
INFO - 2020-11-20 14:05:47,307 - adultscraperx - title:Pred 239
INFO - 2020-11-20 14:06:11,965 - adultscraperx - title:Pred 246
INFO - 2020-11-20 14:06:35,192 - adultscraperx - title:Pred 256
INFO - 2020-11-20 14:06:58,855 - adultscraperx - title:Pred 262
INFO - 2020-11-20 14:07:22,559 - adultscraperx - title:Ssni 502
INFO - 2020-11-20 14:07:44,239 - adultscraperx - title:Ssni 625
INFO - 2020-11-20 14:08:12,816 - adultscraperx - title:Ssni 682
INFO - 2020-11-20 14:08:40,464 - adultscraperx - title:Ssni 884
INFO - 2020-11-20 14:08:41,922 - adultscraperx - title:Ssni 905
INFO - 2020-11-20 14:09:05,600 - adultscraperx - title:Ssni 909
INFO - 2020-11-20 14:09:27,328 - adultscraperx - title:Ssni 910
INFO - 2020-11-20 14:09:45,335 - adultscraperx - title:Ssni 913
INFO - 2020-11-20 14:10:09,877 - adultscraperx - title:Veo 035
INFO - 2020-11-20 14:29:40,120 - adultscraperx - title:Pred 239
INFO - 2020-11-20 14:31:55,321 - adultscraperx - title:Pred 239
INFO - 2020-11-20 14:32:22,701 - adultscraperx - title:Pred 239
INFO - 2020-11-20 14:34:03,159 - adultscraperx - title:PRED-239
INFO - 2020-11-20 15:10:01,621 - adultscraperx - title:Ebod 769
INFO - 2020-11-20 15:14:45,287 - adultscraperx - title:EBOD-769
INFO - 2020-11-20 15:15:25,210 - adultscraperx - title:EBOD-769
INFO - 2020-11-20 15:16:03,835 - adultscraperx - title:19ör°¢§œ§∏§·§∆§Œ÷–≥ˆ§∑°£…˙•¡°Ò•›§Ë§π§Æ§∆ØdîÅ•”•Ø•”•Ø≥ı•§•≠3±æ∑¨√¿∞◊æﬁ»È•¢•—•Ï•ÎµÍÜT“¬¥µ§´§Œ§Û
INFO - 2020-11-20 15:16:18,098 - adultscraperx - title:EBOD-769
INFO - 2020-11-20 15:28:08,916 - adultscraperx - title:EBOD-769
INFO - 2020-11-20 15:29:38,491 - adultscraperx - title:EBOD-769
INFO - 2020-11-20 15:30:32,024 - adultscraperx - title:EBOD-769
INFO - 2020-11-20 15:37:36,609 - adultscraperx - title:EBOD-769
ERROR - 2020-11-20 15:37:36,628 - adultscraperx - KeyError('number')
INFO - 2020-11-20 15:38:13,235 - adultscraperx - title:EBOD-769
ERROR - 2020-11-20 15:38:45,331 - adultscraperx - KeyError('number')
INFO - 2020-11-20 15:38:49,057 - adultscraperx - title:EBOD-769
INFO - 2020-11-20 15:41:04,913 - adultscraperx - title:EBOD-769
INFO - 2020-11-20 15:41:42,986 - adultscraperx - title:meta_data_list
INFO - 2020-11-20 15:41:49,843 - adultscraperx - title:EBOD-769
INFO - 2020-11-20 15:42:31,427 - adultscraperx - title:EBOD-769
INFO - 2020-11-20 15:43:37,590 - adultscraperx - title:EBOD-769
INFO - 2020-11-20 15:44:54,524 - adultscraperx - title:Ebod 769
INFO - 2020-11-20 15:45:00,399 - adultscraperx - title:Ebod 769
INFO - 2020-11-20 15:45:43,614 - adultscraperx - title:EBOD-769
INFO - 2020-11-20 15:46:43,742 - adultscraperx - title:EBOD-769
INFO - 2020-11-20 15:49:25,622 - adultscraperx - title:Ebod 769
INFO - 2020-11-20 15:49:46,027 - adultscraperx - title:EBOD-769
INFO - 2020-11-20 15:50:08,909 - adultscraperx - title:EBOD-769
INFO - 2020-11-20 15:51:38,424 - adultscraperx - title:EBOD-769
INFO - 2020-11-20 15:51:55,080 - adultscraperx - title:EBOD-769
